\BOOKMARK [1][-]{section.1}{\376\377\225\356\230\230\200\314\146\157\116\016\170\024\172\166\166\356\150\007}{}% 1
\BOOKMARK [1][-]{section.2}{\376\377\145\160\143\156\116\016\176\337\116\000\122\006\147\220\150\106\147\266}{}% 2
\BOOKMARK [2][-]{subsection.2.1}{\376\377\145\160\143\156\147\145\156\220\116\016\230\204\131\004\164\006}{section.2}% 3
\BOOKMARK [2][-]{subsection.2.2}{\376\377\040\034\117\040\176\337\000\040\000v\000s\000\040\155\361\136\246\040\035\226\306\142\020\150\106\147\266}{section.2}% 4
\BOOKMARK [1][-]{section.3}{\376\377\000Q\0001\000\040\131\047\214\106\215\070\146\023\000:\000\040\000L\000S\000T\000M\000\040\122\240\137\072\166\204\131\032\121\103\145\366\225\364\136\217\122\027\122\006\147\220}{}% 5
\BOOKMARK [2][-]{subsection.3.1}{\376\377\152\041\127\213\140\035\215\357}{section.3}% 6
\BOOKMARK [2][-]{subsection.3.2}{\376\377\131\047\214\106\217\333\123\343\176\323\147\204\166\204\140\305\146\157\133\371\153\324}{section.3}% 7
\BOOKMARK [2][-]{subsection.3.3}{\376\377\152\041\127\213\140\047\200\375\166\204\133\232\221\317\153\324\217\203}{section.3}% 8
\BOOKMARK [1][-]{section.4}{\376\377\000Q\0002\000\040\145\345\147\054\154\175\217\146\000:\000\040\000T\000r\000a\000n\000s\000f\000o\000r\000m\000e\000r\000\040\116\016\123\132\137\010\150\106\147\266\122\073\165\073\173\126\165\145\214\003\145\164}{}% 9
\BOOKMARK [2][-]{subsection.4.1}{\376\377\217\333\123\343\176\323\147\204\152\041\127\213\116\016\116\247\116\032\117\040\133\374}{section.4}% 10
\BOOKMARK [2][-]{subsection.4.2}{\376\377\140\305\146\157\116\013\166\204\217\333\123\343\176\323\147\204\116\016\116\247\121\372\137\161\124\315}{section.4}% 11
\BOOKMARK [2][-]{subsection.4.3}{\376\377\152\041\127\213\140\047\200\375\116\016\147\266\147\204\117\030\122\277}{section.4}% 12
\BOOKMARK [1][-]{section.5}{\376\377\000Q\0003\000\040\123\112\133\374\117\123\000:\000\040\116\345\117\040\176\337\143\007\150\007\116\072\150\070\137\303\000,\000\040\000G\000N\000N\000\040\143\320\117\233\177\121\176\334\211\306\211\322}{}% 13
\BOOKMARK [2][-]{subsection.5.1}{\376\377\215\070\146\023\116\016\116\247\121\372\126\336\137\122}{section.5}% 14
\BOOKMARK [2][-]{subsection.5.2}{\376\377\117\233\136\224\224\376\133\211\121\150\143\007\150\007\116\016\145\077\173\126\140\305\146\157}{section.5}% 15
\BOOKMARK [1][-]{section.6}{\376\377\000Q\0004\000\040\121\163\172\016\145\066\121\145\000:\000\040\117\040\176\337\000\040\000L\000a\000f\000f\000e\000r\000\040\150\106\147\266\116\016\140\305\146\157\152\041\142\337\166\204\117\030\122\277}{}% 16
\BOOKMARK [2][-]{subsection.6.1}{\376\377\227\131\140\001\116\016\122\250\140\001\121\163\172\016\145\066\121\145\122\006\147\220}{section.6}% 17
\BOOKMARK [2][-]{subsection.6.2}{\376\377\145\066\121\145\215\357\137\204\116\016\000\040\000L\000a\000f\000f\000e\000r\000\040\146\362\176\277\126\376\171\072}{section.6}% 18
\BOOKMARK [1][-]{section.7}{\376\377\000Q\0005\000\040\133\217\211\302\221\321\207\215\000:\000\040\000V\000A\000R\000\040\000+\000\040\155\361\136\246\155\367\124\010\166\204\176\374\124\010\150\106\147\266}{}% 19
\BOOKMARK [2][-]{subsection.7.1}{\376\377\000V\000A\000R\000\040\116\016\126\336\137\122\166\204\133\217\211\302\211\343\221\312}{section.7}% 20
\BOOKMARK [2][-]{subsection.7.2}{\376\377\000V\000A\000R\040\023\000L\000S\000T\000M\000\040\116\016\150\021\152\041\127\213\000:\000\040\176\374\124\010\122\051\165\050\155\361\136\246\116\016\000\040\000M\000L\000\040\117\030\122\277}{section.7}% 21
\BOOKMARK [2][-]{subsection.7.3}{\376\377\152\041\127\213\140\047\200\375\166\204\133\232\221\317\213\304\117\060}{section.7}% 22
\BOOKMARK [1][-]{section.8}{\376\377\176\374\124\010\213\250\213\272\116\016\176\323\213\272}{}% 23
